/home/j985y238/kuf1tenth/install/kuf1tenth/lib/python3.10/site-packages/kuf1tenth/translate.py
/home/j985y238/kuf1tenth/install/kuf1tenth/lib/python3.10/site-packages/kuf1tenth/__init__.py
/home/j985y238/kuf1tenth/install/kuf1tenth/lib/python3.10/site-packages/kuf1tenth/gap.py
/home/j985y238/kuf1tenth/install/kuf1tenth/lib/python3.10/site-packages/kuf1tenth/brake.py
/home/j985y238/kuf1tenth/install/kuf1tenth/lib/python3.10/site-packages/kuf1tenth/ftg.py
/home/j985y238/kuf1tenth/install/kuf1tenth/lib/python3.10/site-packages/kuf1tenth/wall_follow.py
/home/j985y238/kuf1tenth/install/kuf1tenth/lib/python3.10/site-packages/kuf1tenth/local_ftg.py
/home/j985y238/kuf1tenth/install/kuf1tenth/lib/python3.10/site-packages/kuf1tenth/__pycache__/translate.cpython-310.pyc
/home/j985y238/kuf1tenth/install/kuf1tenth/lib/python3.10/site-packages/kuf1tenth/__pycache__/__init__.cpython-310.pyc
/home/j985y238/kuf1tenth/install/kuf1tenth/lib/python3.10/site-packages/kuf1tenth/__pycache__/gap.cpython-310.pyc
/home/j985y238/kuf1tenth/install/kuf1tenth/lib/python3.10/site-packages/kuf1tenth/__pycache__/brake.cpython-310.pyc
/home/j985y238/kuf1tenth/install/kuf1tenth/lib/python3.10/site-packages/kuf1tenth/__pycache__/ftg.cpython-310.pyc
/home/j985y238/kuf1tenth/install/kuf1tenth/lib/python3.10/site-packages/kuf1tenth/__pycache__/wall_follow.cpython-310.pyc
/home/j985y238/kuf1tenth/install/kuf1tenth/lib/python3.10/site-packages/kuf1tenth/__pycache__/local_ftg.cpython-310.pyc
/home/j985y238/kuf1tenth/install/kuf1tenth/share/ament_index/resource_index/packages/kuf1tenth
/home/j985y238/kuf1tenth/install/kuf1tenth/share/kuf1tenth/package.xml
/home/j985y238/kuf1tenth/install/kuf1tenth/share/kuf1tenth/launch/bringup_launch.py
/home/j985y238/kuf1tenth/install/kuf1tenth/share/kuf1tenth/launch/rpptest_launch.py
/home/j985y238/kuf1tenth/install/kuf1tenth/share/kuf1tenth/config/nav2_params.yaml
/home/j985y238/kuf1tenth/install/kuf1tenth/share/kuf1tenth/map
/home/j985y238/kuf1tenth/install/kuf1tenth/lib/python3.10/site-packages/kuf1tenth-0.0.0-py3.10.egg-info/PKG-INFO
/home/j985y238/kuf1tenth/install/kuf1tenth/lib/python3.10/site-packages/kuf1tenth-0.0.0-py3.10.egg-info/requires.txt
/home/j985y238/kuf1tenth/install/kuf1tenth/lib/python3.10/site-packages/kuf1tenth-0.0.0-py3.10.egg-info/top_level.txt
/home/j985y238/kuf1tenth/install/kuf1tenth/lib/python3.10/site-packages/kuf1tenth-0.0.0-py3.10.egg-info/entry_points.txt
/home/j985y238/kuf1tenth/install/kuf1tenth/lib/python3.10/site-packages/kuf1tenth-0.0.0-py3.10.egg-info/dependency_links.txt
/home/j985y238/kuf1tenth/install/kuf1tenth/lib/python3.10/site-packages/kuf1tenth-0.0.0-py3.10.egg-info/zip-safe
/home/j985y238/kuf1tenth/install/kuf1tenth/lib/python3.10/site-packages/kuf1tenth-0.0.0-py3.10.egg-info/SOURCES.txt
/home/j985y238/kuf1tenth/install/kuf1tenth/lib/kuf1tenth/brake
/home/j985y238/kuf1tenth/install/kuf1tenth/lib/kuf1tenth/ftg
/home/j985y238/kuf1tenth/install/kuf1tenth/lib/kuf1tenth/old_ftg
/home/j985y238/kuf1tenth/install/kuf1tenth/lib/kuf1tenth/translate
/home/j985y238/kuf1tenth/install/kuf1tenth/lib/kuf1tenth/wall_follow
