[0.110s] DEBUG:colcon:Command line arguments: ['/home/j985y238/.local/bin/colcon', 'build']
[0.110s] DEBUG:colcon:Parsed command line arguments: Namespace(log_base=None, log_level=None, verb_name='build', build_base='build', install_base='install', merge_install=False, symlink_install=False, test_result_base=None, continue_on_error=False, executor='parallel', parallel_workers=8, event_handlers=None, ignore_user_meta=False, metas=['./colcon.meta'], base_paths=['.'], packages_ignore=None, packages_ignore_regex=None, paths=None, packages_up_to=None, packages_up_to_regex=None, packages_above=None, packages_above_and_dependencies=None, packages_above_depth=None, packages_select_by_dep=None, packages_skip_by_dep=None, packages_skip_up_to=None, packages_select_build_failed=False, packages_skip_build_finished=False, packages_select_test_failures=False, packages_skip_test_passed=False, packages_select=None, packages_skip=None, packages_select_regex=None, packages_skip_regex=None, packages_start=None, packages_end=None, cmake_args=None, cmake_target=None, cmake_target_skip_unavailable=False, cmake_clean_cache=False, cmake_clean_first=False, cmake_force_configure=False, ament_cmake_args=None, catkin_cmake_args=None, catkin_skip_building_tests=False, verb_parser=<colcon_defaults.argument_parser.defaults.DefaultArgumentsDecorator object at 0x7f7f6aba2c20>, verb_extension=<colcon_core.verb.build.BuildVerb object at 0x7f7f6aba2080>, main=<bound method BuildVerb.main of <colcon_core.verb.build.BuildVerb object at 0x7f7f6aba2080>>)
[0.221s] Level 1:colcon.colcon_core.package_discovery:discover_packages(colcon_meta) check parameters
[0.221s] Level 1:colcon.colcon_core.package_discovery:discover_packages(recursive) check parameters
[0.222s] Level 1:colcon.colcon_core.package_discovery:discover_packages(ignore) check parameters
[0.222s] Level 1:colcon.colcon_core.package_discovery:discover_packages(path) check parameters
[0.222s] Level 1:colcon.colcon_core.package_discovery:discover_packages(colcon_meta) discover
[0.222s] Level 1:colcon.colcon_core.package_discovery:discover_packages(recursive) discover
[0.222s] INFO:colcon.colcon_core.package_discovery:Crawling recursively for packages in '/home/j985y238/kuf1tenth'
[0.222s] Level 1:colcon.colcon_core.package_identification:_identify(.) by extensions ['ignore', 'ignore_ament_install']
[0.222s] Level 1:colcon.colcon_core.package_identification:_identify(.) by extension 'ignore'
[0.222s] Level 1:colcon.colcon_core.package_identification:_identify(.) by extension 'ignore_ament_install'
[0.222s] Level 1:colcon.colcon_core.package_identification:_identify(.) by extensions ['colcon_pkg']
[0.222s] Level 1:colcon.colcon_core.package_identification:_identify(.) by extension 'colcon_pkg'
[0.222s] Level 1:colcon.colcon_core.package_identification:_identify(.) by extensions ['colcon_meta']
[0.222s] Level 1:colcon.colcon_core.package_identification:_identify(.) by extension 'colcon_meta'
[0.222s] Level 1:colcon.colcon_core.package_identification:_identify(.) by extensions ['ros']
[0.222s] Level 1:colcon.colcon_core.package_identification:_identify(.) by extension 'ros'
[0.234s] DEBUG:colcon.colcon_core.package_identification:Package '.' with type 'ros.ament_python' and name 'kuf1tenth'
[0.234s] Level 1:colcon.colcon_core.package_discovery:discover_packages(recursive) using defaults
[0.234s] Level 1:colcon.colcon_core.package_discovery:discover_packages(ignore) discover
[0.234s] Level 1:colcon.colcon_core.package_discovery:discover_packages(ignore) using defaults
[0.234s] Level 1:colcon.colcon_core.package_discovery:discover_packages(path) discover
[0.235s] Level 1:colcon.colcon_core.package_discovery:discover_packages(path) using defaults
[0.251s] Level 5:colcon.colcon_core.verb:set package 'kuf1tenth' build argument 'cmake_args' from command line to 'None'
[0.251s] Level 5:colcon.colcon_core.verb:set package 'kuf1tenth' build argument 'cmake_target' from command line to 'None'
[0.251s] Level 5:colcon.colcon_core.verb:set package 'kuf1tenth' build argument 'cmake_target_skip_unavailable' from command line to 'False'
[0.251s] Level 5:colcon.colcon_core.verb:set package 'kuf1tenth' build argument 'cmake_clean_cache' from command line to 'False'
[0.251s] Level 5:colcon.colcon_core.verb:set package 'kuf1tenth' build argument 'cmake_clean_first' from command line to 'False'
[0.251s] Level 5:colcon.colcon_core.verb:set package 'kuf1tenth' build argument 'cmake_force_configure' from command line to 'False'
[0.251s] Level 5:colcon.colcon_core.verb:set package 'kuf1tenth' build argument 'ament_cmake_args' from command line to 'None'
[0.251s] Level 5:colcon.colcon_core.verb:set package 'kuf1tenth' build argument 'catkin_cmake_args' from command line to 'None'
[0.251s] Level 5:colcon.colcon_core.verb:set package 'kuf1tenth' build argument 'catkin_skip_building_tests' from command line to 'False'
[0.251s] DEBUG:colcon.colcon_core.verb:Building package 'kuf1tenth' with the following arguments: {'ament_cmake_args': None, 'build_base': '/home/j985y238/kuf1tenth/build/kuf1tenth', 'catkin_cmake_args': None, 'catkin_skip_building_tests': False, 'cmake_args': None, 'cmake_clean_cache': False, 'cmake_clean_first': False, 'cmake_force_configure': False, 'cmake_target': None, 'cmake_target_skip_unavailable': False, 'install_base': '/home/j985y238/kuf1tenth/install/kuf1tenth', 'merge_install': False, 'path': '/home/j985y238/kuf1tenth', 'symlink_install': False, 'test_result_base': None}
[0.252s] INFO:colcon.colcon_core.executor:Executing jobs using 'parallel' executor
[0.252s] DEBUG:colcon.colcon_parallel_executor.executor.parallel:run_until_complete
[0.253s] INFO:colcon.colcon_ros.task.ament_python.build:Building ROS package in '/home/j985y238/kuf1tenth' with build type 'ament_python'
[0.253s] Level 1:colcon.colcon_core.shell:create_environment_hook('kuf1tenth', 'ament_prefix_path')
[0.255s] INFO:colcon.colcon_core.plugin_system:Skipping extension 'colcon_core.shell.bat': Not used on non-Windows systems
[0.255s] INFO:colcon.colcon_core.shell:Creating environment hook '/home/j985y238/kuf1tenth/install/kuf1tenth/share/kuf1tenth/hook/ament_prefix_path.ps1'
[0.256s] INFO:colcon.colcon_core.shell:Creating environment descriptor '/home/j985y238/kuf1tenth/install/kuf1tenth/share/kuf1tenth/hook/ament_prefix_path.dsv'
[0.256s] INFO:colcon.colcon_core.shell:Creating environment hook '/home/j985y238/kuf1tenth/install/kuf1tenth/share/kuf1tenth/hook/ament_prefix_path.sh'
[0.257s] INFO:colcon.colcon_core.shell:Skip shell extension 'powershell' for command environment: Not usable outside of PowerShell
[0.257s] DEBUG:colcon.colcon_core.shell:Skip shell extension 'dsv' for command environment
[0.463s] INFO:colcon.colcon_core.task.python.build:Building Python package in '/home/j985y238/kuf1tenth'
[0.463s] INFO:colcon.colcon_core.shell:Skip shell extension 'powershell' for command environment: Not usable outside of PowerShell
[0.463s] DEBUG:colcon.colcon_core.shell:Skip shell extension 'dsv' for command environment
[0.765s] DEBUG:colcon.colcon_core.event_handler.log_command:Invoking command in '/home/j985y238/kuf1tenth': PYTHONPATH=/home/j985y238/kuf1tenth/build/kuf1tenth/prefix_override:/home/j985y238/.local/lib/python3.10/site-packages/colcon_core/task/python/colcon_distutils_commands:/home/j985y238/kuf1tenth/install/kuf1tenth/lib/python3.10/site-packages: /usr/bin/python3 -W ignore:setup.py install is deprecated setup.py egg_info --egg-base build/kuf1tenth build --build-base /home/j985y238/kuf1tenth/build/kuf1tenth/build install --record /home/j985y238/kuf1tenth/build/kuf1tenth/install.log --install-scripts $base/lib/kuf1tenth --single-version-externally-managed install_data
[1.007s] DEBUG:colcon.colcon_core.event_handler.log_command:Invoked command in '/home/j985y238/kuf1tenth' returned '0': PYTHONPATH=/home/j985y238/kuf1tenth/build/kuf1tenth/prefix_override:/home/j985y238/.local/lib/python3.10/site-packages/colcon_core/task/python/colcon_distutils_commands:/home/j985y238/kuf1tenth/install/kuf1tenth/lib/python3.10/site-packages: /usr/bin/python3 -W ignore:setup.py install is deprecated setup.py egg_info --egg-base build/kuf1tenth build --build-base /home/j985y238/kuf1tenth/build/kuf1tenth/build install --record /home/j985y238/kuf1tenth/build/kuf1tenth/install.log --install-scripts $base/lib/kuf1tenth --single-version-externally-managed install_data
[1.009s] Level 1:colcon.colcon_core.environment:checking '/home/j985y238/kuf1tenth/install/kuf1tenth' for CMake module files
[1.010s] Level 1:colcon.colcon_core.environment:checking '/home/j985y238/kuf1tenth/install/kuf1tenth' for CMake config files
[1.011s] Level 1:colcon.colcon_core.environment:checking '/home/j985y238/kuf1tenth/install/kuf1tenth/lib'
[1.011s] Level 1:colcon.colcon_core.environment:checking '/home/j985y238/kuf1tenth/install/kuf1tenth/bin'
[1.011s] Level 1:colcon.colcon_core.environment:checking '/home/j985y238/kuf1tenth/install/kuf1tenth/lib/pkgconfig/kuf1tenth.pc'
[1.011s] Level 1:colcon.colcon_core.environment:checking '/home/j985y238/kuf1tenth/install/kuf1tenth/lib/python3.10/site-packages'
[1.011s] Level 1:colcon.colcon_core.shell:create_environment_hook('kuf1tenth', 'pythonpath')
[1.011s] INFO:colcon.colcon_core.shell:Creating environment hook '/home/j985y238/kuf1tenth/install/kuf1tenth/share/kuf1tenth/hook/pythonpath.ps1'
[1.012s] INFO:colcon.colcon_core.shell:Creating environment descriptor '/home/j985y238/kuf1tenth/install/kuf1tenth/share/kuf1tenth/hook/pythonpath.dsv'
[1.012s] INFO:colcon.colcon_core.shell:Creating environment hook '/home/j985y238/kuf1tenth/install/kuf1tenth/share/kuf1tenth/hook/pythonpath.sh'
[1.013s] Level 1:colcon.colcon_core.environment:checking '/home/j985y238/kuf1tenth/install/kuf1tenth/bin'
[1.013s] Level 1:colcon.colcon_core.environment:create_environment_scripts_only(kuf1tenth)
[1.013s] INFO:colcon.colcon_core.shell:Creating package script '/home/j985y238/kuf1tenth/install/kuf1tenth/share/kuf1tenth/package.ps1'
[1.014s] INFO:colcon.colcon_core.shell:Creating package descriptor '/home/j985y238/kuf1tenth/install/kuf1tenth/share/kuf1tenth/package.dsv'
[1.015s] INFO:colcon.colcon_core.shell:Creating package script '/home/j985y238/kuf1tenth/install/kuf1tenth/share/kuf1tenth/package.sh'
[1.015s] INFO:colcon.colcon_core.shell:Creating package script '/home/j985y238/kuf1tenth/install/kuf1tenth/share/kuf1tenth/package.bash'
[1.016s] INFO:colcon.colcon_core.shell:Creating package script '/home/j985y238/kuf1tenth/install/kuf1tenth/share/kuf1tenth/package.zsh'
[1.017s] Level 1:colcon.colcon_core.environment:create_file_with_runtime_dependencies(/home/j985y238/kuf1tenth/install/kuf1tenth/share/colcon-core/packages/kuf1tenth)
[1.017s] DEBUG:colcon.colcon_parallel_executor.executor.parallel:closing loop
[1.017s] DEBUG:colcon.colcon_parallel_executor.executor.parallel:loop closed
[1.018s] DEBUG:colcon.colcon_parallel_executor.executor.parallel:run_until_complete finished with '0'
[1.018s] DEBUG:colcon.colcon_core.event_reactor:joining thread
[1.022s] INFO:colcon.colcon_core.plugin_system:Skipping extension 'colcon_notification.desktop_notification.terminal_notifier': Not used on non-Darwin systems
[1.022s] INFO:colcon.colcon_core.plugin_system:Skipping extension 'colcon_notification.desktop_notification.win32': Not used on non-Windows systems
[1.022s] INFO:colcon.colcon_notification.desktop_notification:Sending desktop notification using 'notify2'
[1.034s] DEBUG:colcon.colcon_core.event_reactor:joined thread
[1.034s] INFO:colcon.colcon_core.shell:Creating prefix script '/home/j985y238/kuf1tenth/install/local_setup.ps1'
[1.035s] INFO:colcon.colcon_core.shell:Creating prefix util module '/home/j985y238/kuf1tenth/install/_local_setup_util_ps1.py'
[1.036s] INFO:colcon.colcon_core.shell:Creating prefix chain script '/home/j985y238/kuf1tenth/install/setup.ps1'
[1.037s] INFO:colcon.colcon_core.shell:Creating prefix script '/home/j985y238/kuf1tenth/install/local_setup.sh'
[1.037s] INFO:colcon.colcon_core.shell:Creating prefix util module '/home/j985y238/kuf1tenth/install/_local_setup_util_sh.py'
[1.038s] INFO:colcon.colcon_core.shell:Creating prefix chain script '/home/j985y238/kuf1tenth/install/setup.sh'
[1.039s] INFO:colcon.colcon_core.shell:Creating prefix script '/home/j985y238/kuf1tenth/install/local_setup.bash'
[1.040s] INFO:colcon.colcon_core.shell:Creating prefix chain script '/home/j985y238/kuf1tenth/install/setup.bash'
[1.041s] INFO:colcon.colcon_core.shell:Creating prefix script '/home/j985y238/kuf1tenth/install/local_setup.zsh'
[1.041s] INFO:colcon.colcon_core.shell:Creating prefix chain script '/home/j985y238/kuf1tenth/install/setup.zsh'
