/usr/lib/python3/dist-packages/setuptools/dist.py:723: UserWarning: Usage of dash-separated 'script-dir' will not be supported in future versions. Please use the underscore name 'script_dir' instead
  warnings.warn(
running egg_info
creating build/kuf1tenth/kuf1tenth.egg-info
writing build/kuf1tenth/kuf1tenth.egg-info/PKG-INFO
writing dependency_links to build/kuf1tenth/kuf1tenth.egg-info/dependency_links.txt
writing entry points to build/kuf1tenth/kuf1tenth.egg-info/entry_points.txt
writing requirements to build/kuf1tenth/kuf1tenth.egg-info/requires.txt
writing top-level names to build/kuf1tenth/kuf1tenth.egg-info/top_level.txt
writing manifest file 'build/kuf1tenth/kuf1tenth.egg-info/SOURCES.txt'
reading manifest file 'build/kuf1tenth/kuf1tenth.egg-info/SOURCES.txt'
adding license file 'LICENSE'
writing manifest file 'build/kuf1tenth/kuf1tenth.egg-info/SOURCES.txt'
running build
running build_py
creating /home/j985y238/kuf1tenth/build/kuf1tenth/build
creating /home/j985y238/kuf1tenth/build/kuf1tenth/build/lib
creating /home/j985y238/kuf1tenth/build/kuf1tenth/build/lib/kuf1tenth
copying kuf1tenth/translate.py -> /home/j985y238/kuf1tenth/build/kuf1tenth/build/lib/kuf1tenth
copying kuf1tenth/__init__.py -> /home/j985y238/kuf1tenth/build/kuf1tenth/build/lib/kuf1tenth
copying kuf1tenth/gap.py -> /home/j985y238/kuf1tenth/build/kuf1tenth/build/lib/kuf1tenth
copying kuf1tenth/brake.py -> /home/j985y238/kuf1tenth/build/kuf1tenth/build/lib/kuf1tenth
copying kuf1tenth/ftg.py -> /home/j985y238/kuf1tenth/build/kuf1tenth/build/lib/kuf1tenth
copying kuf1tenth/wall_follow.py -> /home/j985y238/kuf1tenth/build/kuf1tenth/build/lib/kuf1tenth
copying kuf1tenth/local_ftg.py -> /home/j985y238/kuf1tenth/build/kuf1tenth/build/lib/kuf1tenth
running install
running install_lib
creating /home/j985y238/kuf1tenth/install/kuf1tenth/lib/python3.10/site-packages/kuf1tenth
copying /home/j985y238/kuf1tenth/build/kuf1tenth/build/lib/kuf1tenth/translate.py -> /home/j985y238/kuf1tenth/install/kuf1tenth/lib/python3.10/site-packages/kuf1tenth
copying /home/j985y238/kuf1tenth/build/kuf1tenth/build/lib/kuf1tenth/__init__.py -> /home/j985y238/kuf1tenth/install/kuf1tenth/lib/python3.10/site-packages/kuf1tenth
copying /home/j985y238/kuf1tenth/build/kuf1tenth/build/lib/kuf1tenth/gap.py -> /home/j985y238/kuf1tenth/install/kuf1tenth/lib/python3.10/site-packages/kuf1tenth
copying /home/j985y238/kuf1tenth/build/kuf1tenth/build/lib/kuf1tenth/brake.py -> /home/j985y238/kuf1tenth/install/kuf1tenth/lib/python3.10/site-packages/kuf1tenth
copying /home/j985y238/kuf1tenth/build/kuf1tenth/build/lib/kuf1tenth/ftg.py -> /home/j985y238/kuf1tenth/install/kuf1tenth/lib/python3.10/site-packages/kuf1tenth
copying /home/j985y238/kuf1tenth/build/kuf1tenth/build/lib/kuf1tenth/wall_follow.py -> /home/j985y238/kuf1tenth/install/kuf1tenth/lib/python3.10/site-packages/kuf1tenth
copying /home/j985y238/kuf1tenth/build/kuf1tenth/build/lib/kuf1tenth/local_ftg.py -> /home/j985y238/kuf1tenth/install/kuf1tenth/lib/python3.10/site-packages/kuf1tenth
byte-compiling /home/j985y238/kuf1tenth/install/kuf1tenth/lib/python3.10/site-packages/kuf1tenth/translate.py to translate.cpython-310.pyc
byte-compiling /home/j985y238/kuf1tenth/install/kuf1tenth/lib/python3.10/site-packages/kuf1tenth/__init__.py to __init__.cpython-310.pyc
byte-compiling /home/j985y238/kuf1tenth/install/kuf1tenth/lib/python3.10/site-packages/kuf1tenth/gap.py to gap.cpython-310.pyc
byte-compiling /home/j985y238/kuf1tenth/install/kuf1tenth/lib/python3.10/site-packages/kuf1tenth/brake.py to brake.cpython-310.pyc
byte-compiling /home/j985y238/kuf1tenth/install/kuf1tenth/lib/python3.10/site-packages/kuf1tenth/ftg.py to ftg.cpython-310.pyc
byte-compiling /home/j985y238/kuf1tenth/install/kuf1tenth/lib/python3.10/site-packages/kuf1tenth/wall_follow.py to wall_follow.cpython-310.pyc
Sorry: IndentationError: unindent does not match any outer indentation level (ftg.py, line 117)
byte-compiling /home/j985y238/kuf1tenth/install/kuf1tenth/lib/python3.10/site-packages/kuf1tenth/local_ftg.py to local_ftg.cpython-310.pyc
running install_data
creating /home/j985y238/kuf1tenth/install/kuf1tenth/share/ament_index
creating /home/j985y238/kuf1tenth/install/kuf1tenth/share/ament_index/resource_index
creating /home/j985y238/kuf1tenth/install/kuf1tenth/share/ament_index/resource_index/packages
copying resource/kuf1tenth -> /home/j985y238/kuf1tenth/install/kuf1tenth/share/ament_index/resource_index/packages
copying package.xml -> /home/j985y238/kuf1tenth/install/kuf1tenth/share/kuf1tenth
creating /home/j985y238/kuf1tenth/install/kuf1tenth/share/kuf1tenth/launch
copying launch/bringup_launch.py -> /home/j985y238/kuf1tenth/install/kuf1tenth/share/kuf1tenth/launch
copying launch/rpptest_launch.py -> /home/j985y238/kuf1tenth/install/kuf1tenth/share/kuf1tenth/launch
creating /home/j985y238/kuf1tenth/install/kuf1tenth/share/kuf1tenth/config
copying config/nav2_params.yaml -> /home/j985y238/kuf1tenth/install/kuf1tenth/share/kuf1tenth/config
creating /home/j985y238/kuf1tenth/install/kuf1tenth/share/kuf1tenth/map
running install_egg_info
Copying build/kuf1tenth/kuf1tenth.egg-info to /home/j985y238/kuf1tenth/install/kuf1tenth/lib/python3.10/site-packages/kuf1tenth-0.0.0-py3.10.egg-info
running install_scripts
Installing brake script to /home/j985y238/kuf1tenth/install/kuf1tenth/lib/kuf1tenth
Installing ftg script to /home/j985y238/kuf1tenth/install/kuf1tenth/lib/kuf1tenth
Installing old_ftg script to /home/j985y238/kuf1tenth/install/kuf1tenth/lib/kuf1tenth
Installing translate script to /home/j985y238/kuf1tenth/install/kuf1tenth/lib/kuf1tenth
Installing wall_follow script to /home/j985y238/kuf1tenth/install/kuf1tenth/lib/kuf1tenth
writing list of installed files to '/home/j985y238/kuf1tenth/build/kuf1tenth/install.log'
