[0.604s] Invoking command in '/home/j985y238/kuf1tenth': PYTHONPATH=/home/j985y238/kuf1tenth/build/kuf1tenth/prefix_override:/home/j985y238/.local/lib/python3.10/site-packages/colcon_core/task/python/colcon_distutils_commands:/home/j985y238/kuf1tenth/install/kuf1tenth/lib/python3.10/site-packages: /usr/bin/python3 -W ignore:setup.py install is deprecated setup.py egg_info --egg-base build/kuf1tenth build --build-base /home/j985y238/kuf1tenth/build/kuf1tenth/build install --record /home/j985y238/kuf1tenth/build/kuf1tenth/install.log --install-scripts $base/lib/kuf1tenth --single-version-externally-managed install_data
[0.785s] /usr/lib/python3/dist-packages/setuptools/dist.py:723: UserWarning: Usage of dash-separated 'script-dir' will not be supported in future versions. Please use the underscore name 'script_dir' instead
[0.785s]   warnings.warn(
[0.792s] running egg_info
[0.792s] creating build/kuf1tenth/kuf1tenth.egg-info
[0.792s] writing build/kuf1tenth/kuf1tenth.egg-info/PKG-INFO
[0.793s] writing dependency_links to build/kuf1tenth/kuf1tenth.egg-info/dependency_links.txt
[0.793s] writing entry points to build/kuf1tenth/kuf1tenth.egg-info/entry_points.txt
[0.793s] writing requirements to build/kuf1tenth/kuf1tenth.egg-info/requires.txt
[0.793s] writing top-level names to build/kuf1tenth/kuf1tenth.egg-info/top_level.txt
[0.793s] writing manifest file 'build/kuf1tenth/kuf1tenth.egg-info/SOURCES.txt'
[0.795s] reading manifest file 'build/kuf1tenth/kuf1tenth.egg-info/SOURCES.txt'
[0.795s] adding license file 'LICENSE'
[0.796s] writing manifest file 'build/kuf1tenth/kuf1tenth.egg-info/SOURCES.txt'
[0.796s] running build
[0.796s] running build_py
[0.796s] creating /home/j985y238/kuf1tenth/build/kuf1tenth/build
[0.797s] creating /home/j985y238/kuf1tenth/build/kuf1tenth/build/lib
[0.797s] creating /home/j985y238/kuf1tenth/build/kuf1tenth/build/lib/kuf1tenth
[0.797s] copying kuf1tenth/translate.py -> /home/j985y238/kuf1tenth/build/kuf1tenth/build/lib/kuf1tenth
[0.797s] copying kuf1tenth/__init__.py -> /home/j985y238/kuf1tenth/build/kuf1tenth/build/lib/kuf1tenth
[0.797s] copying kuf1tenth/gap.py -> /home/j985y238/kuf1tenth/build/kuf1tenth/build/lib/kuf1tenth
[0.797s] copying kuf1tenth/brake.py -> /home/j985y238/kuf1tenth/build/kuf1tenth/build/lib/kuf1tenth
[0.797s] copying kuf1tenth/ftg.py -> /home/j985y238/kuf1tenth/build/kuf1tenth/build/lib/kuf1tenth
[0.797s] copying kuf1tenth/wall_follow.py -> /home/j985y238/kuf1tenth/build/kuf1tenth/build/lib/kuf1tenth
[0.797s] copying kuf1tenth/local_ftg.py -> /home/j985y238/kuf1tenth/build/kuf1tenth/build/lib/kuf1tenth
[0.798s] running install
[0.798s] running install_lib
[0.799s] creating /home/j985y238/kuf1tenth/install/kuf1tenth/lib/python3.10/site-packages/kuf1tenth
[0.799s] copying /home/j985y238/kuf1tenth/build/kuf1tenth/build/lib/kuf1tenth/translate.py -> /home/j985y238/kuf1tenth/install/kuf1tenth/lib/python3.10/site-packages/kuf1tenth
[0.799s] copying /home/j985y238/kuf1tenth/build/kuf1tenth/build/lib/kuf1tenth/__init__.py -> /home/j985y238/kuf1tenth/install/kuf1tenth/lib/python3.10/site-packages/kuf1tenth
[0.799s] copying /home/j985y238/kuf1tenth/build/kuf1tenth/build/lib/kuf1tenth/gap.py -> /home/j985y238/kuf1tenth/install/kuf1tenth/lib/python3.10/site-packages/kuf1tenth
[0.799s] copying /home/j985y238/kuf1tenth/build/kuf1tenth/build/lib/kuf1tenth/brake.py -> /home/j985y238/kuf1tenth/install/kuf1tenth/lib/python3.10/site-packages/kuf1tenth
[0.799s] copying /home/j985y238/kuf1tenth/build/kuf1tenth/build/lib/kuf1tenth/ftg.py -> /home/j985y238/kuf1tenth/install/kuf1tenth/lib/python3.10/site-packages/kuf1tenth
[0.799s] copying /home/j985y238/kuf1tenth/build/kuf1tenth/build/lib/kuf1tenth/wall_follow.py -> /home/j985y238/kuf1tenth/install/kuf1tenth/lib/python3.10/site-packages/kuf1tenth
[0.799s] copying /home/j985y238/kuf1tenth/build/kuf1tenth/build/lib/kuf1tenth/local_ftg.py -> /home/j985y238/kuf1tenth/install/kuf1tenth/lib/python3.10/site-packages/kuf1tenth
[0.800s] byte-compiling /home/j985y238/kuf1tenth/install/kuf1tenth/lib/python3.10/site-packages/kuf1tenth/translate.py to translate.cpython-310.pyc
[0.800s] byte-compiling /home/j985y238/kuf1tenth/install/kuf1tenth/lib/python3.10/site-packages/kuf1tenth/__init__.py to __init__.cpython-310.pyc
[0.801s] byte-compiling /home/j985y238/kuf1tenth/install/kuf1tenth/lib/python3.10/site-packages/kuf1tenth/gap.py to gap.cpython-310.pyc
[0.802s] byte-compiling /home/j985y238/kuf1tenth/install/kuf1tenth/lib/python3.10/site-packages/kuf1tenth/brake.py to brake.cpython-310.pyc
[0.802s] byte-compiling /home/j985y238/kuf1tenth/install/kuf1tenth/lib/python3.10/site-packages/kuf1tenth/ftg.py to ftg.cpython-310.pyc
[0.803s] byte-compiling /home/j985y238/kuf1tenth/install/kuf1tenth/lib/python3.10/site-packages/kuf1tenth/wall_follow.py to wall_follow.cpython-310.pyc
[0.803s] Sorry: IndentationError: unindent does not match any outer indentation level (ftg.py, line 117)
[0.803s] byte-compiling /home/j985y238/kuf1tenth/install/kuf1tenth/lib/python3.10/site-packages/kuf1tenth/local_ftg.py to local_ftg.cpython-310.pyc
[0.804s] running install_data
[0.804s] creating /home/j985y238/kuf1tenth/install/kuf1tenth/share/ament_index
[0.804s] creating /home/j985y238/kuf1tenth/install/kuf1tenth/share/ament_index/resource_index
[0.804s] creating /home/j985y238/kuf1tenth/install/kuf1tenth/share/ament_index/resource_index/packages
[0.805s] copying resource/kuf1tenth -> /home/j985y238/kuf1tenth/install/kuf1tenth/share/ament_index/resource_index/packages
[0.805s] copying package.xml -> /home/j985y238/kuf1tenth/install/kuf1tenth/share/kuf1tenth
[0.805s] creating /home/j985y238/kuf1tenth/install/kuf1tenth/share/kuf1tenth/launch
[0.805s] copying launch/bringup_launch.py -> /home/j985y238/kuf1tenth/install/kuf1tenth/share/kuf1tenth/launch
[0.805s] copying launch/rpptest_launch.py -> /home/j985y238/kuf1tenth/install/kuf1tenth/share/kuf1tenth/launch
[0.805s] creating /home/j985y238/kuf1tenth/install/kuf1tenth/share/kuf1tenth/config
[0.805s] copying config/nav2_params.yaml -> /home/j985y238/kuf1tenth/install/kuf1tenth/share/kuf1tenth/config
[0.805s] creating /home/j985y238/kuf1tenth/install/kuf1tenth/share/kuf1tenth/map
[0.806s] running install_egg_info
[0.808s] Copying build/kuf1tenth/kuf1tenth.egg-info to /home/j985y238/kuf1tenth/install/kuf1tenth/lib/python3.10/site-packages/kuf1tenth-0.0.0-py3.10.egg-info
[0.809s] running install_scripts
[0.827s] Installing brake script to /home/j985y238/kuf1tenth/install/kuf1tenth/lib/kuf1tenth
[0.827s] Installing ftg script to /home/j985y238/kuf1tenth/install/kuf1tenth/lib/kuf1tenth
[0.827s] Installing old_ftg script to /home/j985y238/kuf1tenth/install/kuf1tenth/lib/kuf1tenth
[0.828s] Installing translate script to /home/j985y238/kuf1tenth/install/kuf1tenth/lib/kuf1tenth
[0.828s] Installing wall_follow script to /home/j985y238/kuf1tenth/install/kuf1tenth/lib/kuf1tenth
[0.828s] writing list of installed files to '/home/j985y238/kuf1tenth/build/kuf1tenth/install.log'
[0.846s] Invoked command in '/home/j985y238/kuf1tenth' returned '0': PYTHONPATH=/home/j985y238/kuf1tenth/build/kuf1tenth/prefix_override:/home/j985y238/.local/lib/python3.10/site-packages/colcon_core/task/python/colcon_distutils_commands:/home/j985y238/kuf1tenth/install/kuf1tenth/lib/python3.10/site-packages: /usr/bin/python3 -W ignore:setup.py install is deprecated setup.py egg_info --egg-base build/kuf1tenth build --build-base /home/j985y238/kuf1tenth/build/kuf1tenth/build install --record /home/j985y238/kuf1tenth/build/kuf1tenth/install.log --install-scripts $base/lib/kuf1tenth --single-version-externally-managed install_data
